<?xml version="1.0" encoding="UTF-8"?>
<!-- Generated by org.testng.reporters.JUnitReportReporter -->
<testsuite hostname="Xone" name="Clinical_Login_Group.Clinical_Login.Journal_Login" tests="3" failures="0" timestamp="19 Feb 2017 10:25:15 GMT" time="135.273" errors="0">
  <testcase name="Create_Journal_Club" time="30.222" classname="Clinical_Login_Group.Clinical_Login.Journal_Login"/>
  <testcase name="Sign_in_User" time="19.279" classname="Clinical_Login_Group.Clinical_Login.Journal_Login"/>
  <testcase name="Article_Library" time="85.772" classname="Clinical_Login_Group.Clinical_Login.Journal_Login"/>
</testsuite> <!-- Clinical_Login_Group.Clinical_Login.Journal_Login -->
