<?xml version="1.0" encoding="UTF-8"?>
<!-- Generated by org.testng.reporters.JUnitReportReporter -->
<testsuite hostname="Xone" name="Clinical_Login_Group.Clinical_Login_Group.Clinical_Login.Sample_Login" tests="5" failures="0" timestamp="30 Dec 2016 03:21:33 GMT" time="13.831" errors="0">
  <testcase name="Negetive_LogIn_Test" time="1.423" classname="Clinical_Login_Group.Clinical_Login_Group.Clinical_Login.Sample_Login"/>
  <testcase name="Positive_LogIn_Test" time="4.242" classname="Clinical_Login_Group.Clinical_Login_Group.Clinical_Login.Sample_Login"/>
  <testcase name="Positive_LogIn_Test" time="3.468" classname="Clinical_Login_Group.Clinical_Login_Group.Clinical_Login.Sample_Login"/>
  <testcase name="Positive_LogIn_Test" time="3.347" classname="Clinical_Login_Group.Clinical_Login_Group.Clinical_Login.Sample_Login"/>
  <testcase name="Negetive_LogIn_Test" time="1.351" classname="Clinical_Login_Group.Clinical_Login_Group.Clinical_Login.Sample_Login"/>
</testsuite> <!-- Clinical_Login_Group.Clinical_Login_Group.Clinical_Login.Sample_Login -->
